<?xml version="1.0" encoding="utf-8"?><testsuites><testsuite errors="0" failures="0" hostname="fv-az36" name="pytest" skipped="0" tests="256" time="1.717" timestamp="2020-02-25T19:13:50.788402"><testcase classname="zdevelop.tests.test_bearings" file="zdevelop/tests/test_bearings.py" line="49" name="test_not_implemented_errors" time="0.001"></testcase><testcase classname="zdevelop.tests.test_bearings.TestCasting" file="zdevelop/tests/test_bearings.py" line="59" name="test_factory_stays" time="0.001"></testcase><testcase classname="zdevelop.tests.test_bearings.TestCasting" file="zdevelop/tests/test_bearings.py" line="63" name="test_init_type_raises" time="0.001"></testcase><testcase classname="zdevelop.tests.test_bearings.TestCasting" file="zdevelop/tests/test_bearings.py" line="67" name="test_bearing_from_string" time="0.001"></testcase><testcase classname="zdevelop.tests.test_bearings.TestCasting" file="zdevelop/tests/test_bearings.py" line="71" name="test_attr_from_string" time="0.001"></testcase><testcase classname="zdevelop.tests.test_bearings.TestCasting" file="zdevelop/tests/test_bearings.py" line="75" name="test_item_from_string" time="0.001"></testcase><testcase classname="zdevelop.tests.test_bearings.TestCasting" file="zdevelop/tests/test_bearings.py" line="79" name="test_caller_from_string" time="0.001"></testcase><testcase classname="zdevelop.tests.test_bearings.TestCasting" file="zdevelop/tests/test_bearings.py" line="83" name="test_attr_from_string_raises" time="0.001"></testcase><testcase classname="zdevelop.tests.test_bearings.TestCasting" file="zdevelop/tests/test_bearings.py" line="87" name="test_item_from_string_raises" time="0.001"></testcase><testcase classname="zdevelop.tests.test_bearings.TestCasting" file="zdevelop/tests/test_bearings.py" line="91" name="test_caller_from_string_raises" time="0.001"></testcase><testcase classname="zdevelop.tests.test_bearings.TestCasting" file="zdevelop/tests/test_bearings.py" line="95" name="test_bearing_from_bearing" time="0.001"></testcase><testcase classname="zdevelop.tests.test_bearings.TestCasting" file="zdevelop/tests/test_bearings.py" line="100" name="test_bearings_from_bearing_raises" time="0.001"></testcase><testcase classname="zdevelop.tests.test_bearings.TestCasting" file="zdevelop/tests/test_bearings.py" line="106" name="test_bearing_func[1-Item]" time="0.001"></testcase><testcase classname="zdevelop.tests.test_bearings.TestCasting" file="zdevelop/tests/test_bearings.py" line="106" name="test_bearing_func[[1]-Item]" time="0.001"></testcase><testcase classname="zdevelop.tests.test_bearings.TestCasting" file="zdevelop/tests/test_bearings.py" line="106" name="test_bearing_func[@a-Attr]" time="0.001"></testcase><testcase classname="zdevelop.tests.test_bearings.TestCasting" file="zdevelop/tests/test_bearings.py" line="106" name="test_bearing_func[1-Fallback]" time="0.001"></testcase><testcase classname="zdevelop.tests.test_bearings.TestCasting" file="zdevelop/tests/test_bearings.py" line="106" name="test_bearing_func[[item]-Item]" time="0.001"></testcase><testcase classname="zdevelop.tests.test_bearings.TestCasting" file="zdevelop/tests/test_bearings.py" line="106" name="test_bearing_func[callable()-Call]" time="0.001"></testcase><testcase classname="zdevelop.tests.test_bearings.TestCasting" file="zdevelop/tests/test_bearings.py" line="106" name="test_bearing_func[a-Fallback]" time="0.001"></testcase><testcase classname="zdevelop.tests.test_bearings.TestCasting" file="zdevelop/tests/test_bearings.py" line="121" name="test_bearing_func_raises[1]" time="0.001"></testcase><testcase classname="zdevelop.tests.test_bearings.TestCasting" file="zdevelop/tests/test_bearings.py" line="126" name="test_init_factory_raises" time="0.001"></testcase><testcase classname="zdevelop.tests.test_bearings.TestStrRepr" file="zdevelop/tests/test_bearings.py" line="132" name="test_bearing_str" time="0.001"></testcase><testcase classname="zdevelop.tests.test_bearings.TestStrRepr" file="zdevelop/tests/test_bearings.py" line="135" name="test_attr_str" time="0.001"></testcase><testcase classname="zdevelop.tests.test_bearings.TestStrRepr" file="zdevelop/tests/test_bearings.py" line="138" name="test_item_str" time="0.001"></testcase><testcase classname="zdevelop.tests.test_bearings.TestStrRepr" file="zdevelop/tests/test_bearings.py" line="141" name="test_caller_str" time="0.001"></testcase><testcase classname="zdevelop.tests.test_bearings.TestStrRepr" file="zdevelop/tests/test_bearings.py" line="144" name="test_bearing_repr" time="0.001"></testcase><testcase classname="zdevelop.tests.test_bearings.TestStrRepr" file="zdevelop/tests/test_bearings.py" line="147" name="test_bearing_repr_int" time="0.001"></testcase><testcase classname="zdevelop.tests.test_bearings.TestStrRepr" file="zdevelop/tests/test_bearings.py" line="150" name="test_bearing_repr_factory" time="0.001"></testcase><testcase classname="zdevelop.tests.test_bearings.TestFetch" file="zdevelop/tests/test_bearings.py" line="155" name="test_bearing_fetch_attr" time="0.001"></testcase><testcase classname="zdevelop.tests.test_bearings.TestFetch" file="zdevelop/tests/test_bearings.py" line="159" name="test_bearing_fetch_index" time="0.001"></testcase><testcase classname="zdevelop.tests.test_bearings.TestFetch" file="zdevelop/tests/test_bearings.py" line="165" name="test_bearing_fetch_item_str" time="0.001"></testcase><testcase classname="zdevelop.tests.test_bearings.TestFetch" file="zdevelop/tests/test_bearings.py" line="171" name="test_bearing_fetch_item_int" time="0.001"></testcase><testcase classname="zdevelop.tests.test_bearings.TestFetch" file="zdevelop/tests/test_bearings.py" line="175" name="test_bearing_fetch_callable" time="0.001"></testcase><testcase classname="zdevelop.tests.test_bearings.TestFetch" file="zdevelop/tests/test_bearings.py" line="185" name="test_attr_fetch" time="0.001"></testcase><testcase classname="zdevelop.tests.test_bearings.TestFetch" file="zdevelop/tests/test_bearings.py" line="189" name="test_item_fetch" time="0.001"></testcase><testcase classname="zdevelop.tests.test_bearings.TestFetch" file="zdevelop/tests/test_bearings.py" line="193" name="test_caller_fetch" time="0.001"></testcase><testcase classname="zdevelop.tests.test_bearings.TestFetch" file="zdevelop/tests/test_bearings.py" line="203" name="test_bearing_fetch_raises" time="0.001"></testcase><testcase classname="zdevelop.tests.test_bearings.TestFetch" file="zdevelop/tests/test_bearings.py" line="207" name="test_bearing_fetch_raises_key" time="0.001"></testcase><testcase classname="zdevelop.tests.test_bearings.TestFetch" file="zdevelop/tests/test_bearings.py" line="211" name="test_bearing_fetch_raises_index" time="0.001"></testcase><testcase classname="zdevelop.tests.test_bearings.TestFetch" file="zdevelop/tests/test_bearings.py" line="215" name="test_attr_fetch_raises" time="0.001"></testcase><testcase classname="zdevelop.tests.test_bearings.TestFetch" file="zdevelop/tests/test_bearings.py" line="219" name="test_item_fetch_raises_null_name_dict" time="0.001"></testcase><testcase classname="zdevelop.tests.test_bearings.TestFetch" file="zdevelop/tests/test_bearings.py" line="223" name="test_item_fetch_raises_null_name_list" time="0.001"></testcase><testcase classname="zdevelop.tests.test_bearings.TestFetch" file="zdevelop/tests/test_bearings.py" line="227" name="test_item_fetch_raises_type_list" time="0.001"></testcase><testcase classname="zdevelop.tests.test_bearings.TestFetch" file="zdevelop/tests/test_bearings.py" line="231" name="test_item_fetch_raises_type_dataclass" time="0.001"></testcase><testcase classname="zdevelop.tests.test_bearings.TestFetch" file="zdevelop/tests/test_bearings.py" line="235" name="test_caller_fetch_raises" time="0.001"></testcase><testcase classname="zdevelop.tests.test_bearings.TestPlace" file="zdevelop/tests/test_bearings.py" line="241" name="test_bearing_place_attr" time="0.001"></testcase><testcase classname="zdevelop.tests.test_bearings.TestPlace" file="zdevelop/tests/test_bearings.py" line="245" name="test_bearing_place_item" time="0.001"></testcase><testcase classname="zdevelop.tests.test_bearings.TestPlace" file="zdevelop/tests/test_bearings.py" line="249" name="test_bearing_place_call" time="0.001"></testcase><testcase classname="zdevelop.tests.test_bearings.TestPlace" file="zdevelop/tests/test_bearings.py" line="253" name="test_attr_place" time="0.001"></testcase><testcase classname="zdevelop.tests.test_bearings.TestPlace" file="zdevelop/tests/test_bearings.py" line="257" name="test_item_place" time="0.001"></testcase><testcase classname="zdevelop.tests.test_bearings.TestPlace" file="zdevelop/tests/test_bearings.py" line="261" name="test_caller_place" time="0.001"></testcase><testcase classname="zdevelop.tests.test_bearings.TestPlace" file="zdevelop/tests/test_bearings.py" line="265" name="test_caller_place_arg" time="0.001"></testcase><testcase classname="zdevelop.tests.test_bearings.TestPlace" file="zdevelop/tests/test_bearings.py" line="271" name="test_caller_place_kwarg" time="0.001"></testcase><testcase classname="zdevelop.tests.test_bearings.TestPlace" file="zdevelop/tests/test_bearings.py" line="277" name="test_caller_place_arg_replace" time="0.001"></testcase><testcase classname="zdevelop.tests.test_bearings.TestPlace" file="zdevelop/tests/test_bearings.py" line="283" name="test_caller_place_kwarg_replace" time="0.001"></testcase><testcase classname="zdevelop.tests.test_bearings.TestPlace" file="zdevelop/tests/test_bearings.py" line="291" name="test_bearing_place_raises" time="0.001"></testcase><testcase classname="zdevelop.tests.test_bearings.TestPlace" file="zdevelop/tests/test_bearings.py" line="295" name="test_bearing_place_raises_type" time="0.001"></testcase><testcase classname="zdevelop.tests.test_bearings.TestPlace" file="zdevelop/tests/test_bearings.py" line="299" name="test_attr_place_raises" time="0.001"></testcase><testcase classname="zdevelop.tests.test_bearings.TestPlace" file="zdevelop/tests/test_bearings.py" line="303" name="test_attr_place_raises_type" time="0.001"></testcase><testcase classname="zdevelop.tests.test_bearings.TestPlace" file="zdevelop/tests/test_bearings.py" line="309" name="test_item_place_raises_key" time="0.001"></testcase><testcase classname="zdevelop.tests.test_bearings.TestPlace" file="zdevelop/tests/test_bearings.py" line="313" name="test_item_place_raises_index" time="0.001"></testcase><testcase classname="zdevelop.tests.test_bearings.TestPlace" file="zdevelop/tests/test_bearings.py" line="317" name="test_item_place_raises_type" time="0.001"></testcase><testcase classname="zdevelop.tests.test_bearings.TestPlace" file="zdevelop/tests/test_bearings.py" line="321" name="test_item_place_fill_list" time="0.001"></testcase><testcase classname="zdevelop.tests.test_bearings.TestPlace" file="zdevelop/tests/test_bearings.py" line="326" name="test_item_place_list_exists" time="0.001"></testcase><testcase classname="zdevelop.tests.test_bearings.TestPlace" file="zdevelop/tests/test_bearings.py" line="331" name="test_caller_place_raises" time="0.001"></testcase><testcase classname="zdevelop.tests.test_bearings.TestPlace" file="zdevelop/tests/test_bearings.py" line="335" name="test_caller_place_raises_type" time="0.001"></testcase><testcase classname="zdevelop.tests.test_bearings.TestComparisons" file="zdevelop/tests/test_bearings.py" line="342" name="test_equality" time="0.001"></testcase><testcase classname="zdevelop.tests.test_bearings.TestComparisons" file="zdevelop/tests/test_bearings.py" line="348" name="test_not_equal" time="0.001"></testcase><testcase classname="zdevelop.tests.test_bearings.TestComparisons" file="zdevelop/tests/test_bearings.py" line="354" name="test_not_equal_type" time="0.001"></testcase><testcase classname="zdevelop.tests.test_bearings.TestComparisons" file="zdevelop/tests/test_bearings.py" line="358" name="test_equality_type_diff" time="0.001"></testcase><testcase classname="zdevelop.tests.test_bearings.TestComparisons" file="zdevelop/tests/test_bearings.py" line="366" name="test_not_equal_type_value_diff" time="0.001"></testcase><testcase classname="zdevelop.tests.test_bearings.TestComparisons" file="zdevelop/tests/test_bearings.py" line="374" name="test_not_equal_type_diff" time="0.001"></testcase><testcase classname="zdevelop.tests.test_bearings.TestComparisons" file="zdevelop/tests/test_bearings.py" line="382" name="test_not_equal_bearing_custom" time="0.002"></testcase><testcase classname="zdevelop.tests.test_bearings.TestComparisons" file="zdevelop/tests/test_bearings.py" line="385" name="test_equal_bearing_custom" time="0.001"></testcase><testcase classname="zdevelop.tests.test_bearings.TestComparisons" file="zdevelop/tests/test_bearings.py" line="389" name="test_comparisons" time="0.001"></testcase><testcase classname="zdevelop.tests.test_bearings.TestComparisons" file="zdevelop/tests/test_bearings.py" line="397" name="test_comparison_types" time="0.001"></testcase><testcase classname="zdevelop.tests.test_bearings.TestComparisons" file="zdevelop/tests/test_bearings.py" line="418" name="test_comparison_custom_types" time="0.001"></testcase><testcase classname="zdevelop.tests.test_bearings" file="zdevelop/tests/test_bearings.py" line="444" name="test_sort_bearings" time="0.001"></testcase><testcase classname="zdevelop.tests.test_cartogrpaher.TestBasicMapping" file="zdevelop/tests/test_cartogrpaher.py" line="20" name="test_dataclass_to_dict" time="0.002"></testcase><testcase classname="zdevelop.tests.test_cartogrpaher.TestBasicMapping" file="zdevelop/tests/test_cartogrpaher.py" line="31" name="test_dataclass_to_dict_with_coords" time="0.002"></testcase><testcase classname="zdevelop.tests.test_cartogrpaher.TestBasicMapping" file="zdevelop/tests/test_cartogrpaher.py" line="53" name="test_dataclass_to_dict_with_coords_and_default" time="0.002"></testcase><testcase classname="zdevelop.tests.test_cartogrpaher.TestBasicMapping" file="zdevelop/tests/test_cartogrpaher.py" line="76" name="test_dataclass_to_dict_with_coords_and_surveyor" time="0.002"></testcase><testcase classname="zdevelop.tests.test_cartogrpaher.TestBasicMapping" file="zdevelop/tests/test_cartogrpaher.py" line="103" name="test_dict_to_dataclass_ignore_missing" time="0.002"></testcase><testcase classname="zdevelop.tests.test_cartogrpaher.TestBasicMapping" file="zdevelop/tests/test_cartogrpaher.py" line="127" name="test_reuse_coords" time="0.002"></testcase><testcase classname="zdevelop.tests.test_cartogrpaher.TestCleanerFunctions" file="zdevelop/tests/test_cartogrpaher.py" line="154" name="test_dataclass_to_dict_origin_transform" time="0.002"></testcase><testcase classname="zdevelop.tests.test_cartogrpaher.TestCleanerFunctions" file="zdevelop/tests/test_cartogrpaher.py" line="181" name="test_dataclass_to_dict_destination_transform" time="0.002"></testcase><testcase classname="zdevelop.tests.test_cartogrpaher.TestCleanerFunctions" file="zdevelop/tests/test_cartogrpaher.py" line="202" name="test_dataclass_to_dict_value_transform" time="0.002"></testcase><testcase classname="zdevelop.tests.test_cartogrpaher.TestCleanerFunctions" file="zdevelop/tests/test_cartogrpaher.py" line="231" name="test_dataclass_to_dict_single_value_transform" time="0.002"></testcase><testcase classname="zdevelop.tests.test_cartogrpaher.TestCleanerFunctions" file="zdevelop/tests/test_cartogrpaher.py" line="252" name="test_dataclass_to_dict_single_value_transform_with_default" time="0.002"></testcase><testcase classname="zdevelop.tests.test_cartogrpaher.TestCleanerFunctions" file="zdevelop/tests/test_cartogrpaher.py" line="277" name="test_clean_origin_one_off" time="0.002"></testcase><testcase classname="zdevelop.tests.test_cartogrpaher.TestCleanerFunctions" file="zdevelop/tests/test_cartogrpaher.py" line="298" name="test_clean_dst_one_off" time="0.002"></testcase><testcase classname="zdevelop.tests.test_cartogrpaher.TestManyToMany" file="zdevelop/tests/test_cartogrpaher.py" line="321" name="test_dict_to_dict_one_to_many" time="0.003"></testcase><testcase classname="zdevelop.tests.test_cartogrpaher.TestManyToMany" file="zdevelop/tests/test_cartogrpaher.py" line="362" name="test_dict_to_dict_one_to_many_using_cache" time="0.002"></testcase><testcase classname="zdevelop.tests.test_cartogrpaher.TestManyToMany" file="zdevelop/tests/test_cartogrpaher.py" line="407" name="test_many_to_one_coord" time="0.001"></testcase><testcase classname="zdevelop.tests.test_cartogrpaher.TestManyToMany" file="zdevelop/tests/test_cartogrpaher.py" line="424" name="test_many_to_one_coord_defaults" time="0.001"></testcase><testcase classname="zdevelop.tests.test_cartogrpaher.TestManyToMany" file="zdevelop/tests/test_cartogrpaher.py" line="442" name="test_many_to_one_coord_single_default" time="0.001"></testcase><testcase classname="zdevelop.tests.test_cartogrpaher.TestManyToMany" file="zdevelop/tests/test_cartogrpaher.py" line="461" name="test_many_to_one_coord_single_default_raises[source0-default0]" time="0.001"></testcase><testcase classname="zdevelop.tests.test_cartogrpaher.TestManyToMany" file="zdevelop/tests/test_cartogrpaher.py" line="461" name="test_many_to_one_coord_single_default_raises[source1-default1]" time="0.001"></testcase><testcase classname="zdevelop.tests.test_cartogrpaher.TestManyToMany" file="zdevelop/tests/test_cartogrpaher.py" line="487" name="test_non_matching_defaults_length_raises" time="0.001"></testcase><testcase classname="zdevelop.tests.test_cartogrpaher.TestManyToMany" file="zdevelop/tests/test_cartogrpaher.py" line="497" name="test_one_to_many" time="0.001"></testcase><testcase classname="zdevelop.tests.test_cartogrpaher.TestSuppressErrors" file="zdevelop/tests/test_cartogrpaher.py" line="517" name="test_raises_null_name_origin" time="0.001"></testcase><testcase classname="zdevelop.tests.test_cartogrpaher.TestSuppressErrors" file="zdevelop/tests/test_cartogrpaher.py" line="526" name="test_raises_null_name_destination" time="0.002"></testcase><testcase classname="zdevelop.tests.test_cartogrpaher.TestSuppressErrors" file="zdevelop/tests/test_cartogrpaher.py" line="541" name="test_raises_null_name_destination_surveyor" time="0.002"></testcase><testcase classname="zdevelop.tests.test_cartogrpaher.TestSuppressErrors" file="zdevelop/tests/test_cartogrpaher.py" line="554" name="test_raises_non_navigable" time="0.001"></testcase><testcase classname="zdevelop.tests.test_cartogrpaher.TestSuppressErrors" file="zdevelop/tests/test_cartogrpaher.py" line="564" name="test_raises_suppressed_null_name_source" time="0.001"></testcase><testcase classname="zdevelop.tests.test_cartogrpaher.TestSuppressErrors" file="zdevelop/tests/test_cartogrpaher.py" line="591" name="test_raises_suppressed_null_name_destination" time="0.002"></testcase><testcase classname="zdevelop.tests.test_cartogrpaher.TestSuppressErrors" file="zdevelop/tests/test_cartogrpaher.py" line="620" name="test_raises_suppressed_non_navigable" time="0.001"></testcase><testcase classname="zdevelop.tests.test_cartogrpaher.TestSuppressErrors" file="zdevelop/tests/test_cartogrpaher.py" line="643" name="test_raises_suppressed_null_name_survey" time="0.001"></testcase><testcase classname="zdevelop.tests.test_compass" file="zdevelop/tests/test_compass.py" line="7" name="test_compass_type_passes" time="0.001"></testcase><testcase classname="zdevelop.tests.test_compass" file="zdevelop/tests/test_compass.py" line="15" name="test_compass_type_passes_single" time="0.001"></testcase><testcase classname="zdevelop.tests.test_compass" file="zdevelop/tests/test_compass.py" line="20" name="test_compass_type_fails_single" time="0.001"></testcase><testcase classname="zdevelop.tests.test_compass" file="zdevelop/tests/test_compass.py" line="25" name="test_compass_type_passes_double" time="0.001"></testcase><testcase classname="zdevelop.tests.test_compass" file="zdevelop/tests/test_compass.py" line="31" name="test_compass_type_fails_double" time="0.001"></testcase><testcase classname="zdevelop.tests.test_compass" file="zdevelop/tests/test_compass.py" line="37" name="test_compass_bearings_raises_navigable_error" time="0.001"></testcase><testcase classname="zdevelop.tests.test_compass" file="zdevelop/tests/test_compass.py" line="43" name="test_dict_bearings" time="0.001"></testcase><testcase classname="zdevelop.tests.test_compass" file="zdevelop/tests/test_compass.py" line="54" name="test_dict_bearings_limited" time="0.001"></testcase><testcase classname="zdevelop.tests.test_compass" file="zdevelop/tests/test_compass.py" line="63" name="test_dict_bearings_items_false" time="0.001"></testcase><testcase classname="zdevelop.tests.test_compass" file="zdevelop/tests/test_compass.py" line="68" name="test_list_bearings" time="0.001"></testcase><testcase classname="zdevelop.tests.test_compass" file="zdevelop/tests/test_compass.py" line="77" name="test_list_bearings_limited" time="0.001"></testcase><testcase classname="zdevelop.tests.test_compass" file="zdevelop/tests/test_compass.py" line="85" name="test_dataclass_bearings" time="0.001"></testcase><testcase classname="zdevelop.tests.test_compass" file="zdevelop/tests/test_compass.py" line="94" name="test_dataclass_bearings_limited" time="0.001"></testcase><testcase classname="zdevelop.tests.test_compass" file="zdevelop/tests/test_compass.py" line="99" name="test_dict_bearings_with_callers" time="0.001"></testcase><testcase classname="zdevelop.tests.test_compass" file="zdevelop/tests/test_compass.py" line="104" name="test_dataclass_all_callers" time="0.001"></testcase><testcase classname="zdevelop.tests.test_compass" file="zdevelop/tests/test_compass.py" line="116" name="test_inherited_compass" time="0.001"></testcase><testcase classname="zdevelop.tests.test_compass" file="zdevelop/tests/test_compass.py" line="129" name="test_not_implemented_iter" time="0.001"></testcase><testcase classname="zdevelop.tests.test_compass" file="zdevelop/tests/test_compass.py" line="144" name="test_ignore_underscore_slots" time="0.001"></testcase><testcase classname="zdevelop.tests.test_course.TestBasicAPI" file="zdevelop/tests/test_course.py" line="8" name="test_init_basic" time="0.001"></testcase><testcase classname="zdevelop.tests.test_course.TestBasicAPI" file="zdevelop/tests/test_course.py" line="11" name="test_repr" time="0.001"></testcase><testcase classname="zdevelop.tests.test_course.TestBasicAPI" file="zdevelop/tests/test_course.py" line="17" name="test_len" time="0.001"></testcase><testcase classname="zdevelop.tests.test_course.TestBasicAPI" file="zdevelop/tests/test_course.py" line="20" name="test_init_int" time="0.001"></testcase><testcase classname="zdevelop.tests.test_course.TestBasicAPI" file="zdevelop/tests/test_course.py" line="23" name="test_concat_basic" time="0.001"></testcase><testcase classname="zdevelop.tests.test_course.TestBasicAPI" file="zdevelop/tests/test_course.py" line="28" name="test_concat_multi_type" time="0.001"></testcase><testcase classname="zdevelop.tests.test_course.TestBasicAPI" file="zdevelop/tests/test_course.py" line="33" name="test_concat_courses" time="0.001"></testcase><testcase classname="zdevelop.tests.test_course.TestBasicAPI" file="zdevelop/tests/test_course.py" line="38" name="test_concat_course_str" time="0.001"></testcase><testcase classname="zdevelop.tests.test_course.TestBasicAPI" file="zdevelop/tests/test_course.py" line="43" name="test_replace_single" time="0.001"></testcase><testcase classname="zdevelop.tests.test_course.TestBasicAPI" file="zdevelop/tests/test_course.py" line="47" name="test_replace[1-key-answer0]" time="0.001"><system-out>resulting course [0]/key/[2]/[3]
</system-out></testcase><testcase classname="zdevelop.tests.test_course.TestBasicAPI" file="zdevelop/tests/test_course.py" line="47" name="test_replace[0-key-answer1]" time="0.001"><system-out>resulting course key/[1]/[2]/[3]
</system-out></testcase><testcase classname="zdevelop.tests.test_course.TestBasicAPI" file="zdevelop/tests/test_course.py" line="47" name="test_replace[3-key-answer2]" time="0.001"><system-out>resulting course [0]/[1]/[2]/key
</system-out></testcase><testcase classname="zdevelop.tests.test_course.TestBasicAPI" file="zdevelop/tests/test_course.py" line="47" name="test_replace[-1-key-answer3]" time="0.001"><system-out>resulting course [0]/[1]/[2]/key
</system-out></testcase><testcase classname="zdevelop.tests.test_course.TestBasicAPI" file="zdevelop/tests/test_course.py" line="47" name="test_replace[-2-key-answer4]" time="0.001"><system-out>resulting course [0]/[1]/key/[3]
</system-out></testcase><testcase classname="zdevelop.tests.test_course.TestBasicAPI" file="zdevelop/tests/test_course.py" line="47" name="test_replace[index5-key-answer5]" time="0.001"><system-out>resulting course [0]/key/[3]
</system-out></testcase><testcase classname="zdevelop.tests.test_course.TestBasicAPI" file="zdevelop/tests/test_course.py" line="47" name="test_replace[index6-value6-answer6]" time="0.001"><system-out>resulting course [0]/key/sub-key/[3]
</system-out></testcase><testcase classname="zdevelop.tests.test_course.TestBasicAPI" file="zdevelop/tests/test_course.py" line="47" name="test_replace[index7-value7-answer7]" time="0.001"><system-out>resulting course [0]/key/sub-key
</system-out></testcase><testcase classname="zdevelop.tests.test_course.TestBasicAPI" file="zdevelop/tests/test_course.py" line="47" name="test_replace[index8-value8-answer8]" time="0.001"><system-out>resulting course key/sub-key/[2]/[3]
</system-out></testcase><testcase classname="zdevelop.tests.test_course.TestEqualityContains" file="zdevelop/tests/test_course.py" line="73" name="test_course_eq_course" time="0.001"></testcase><testcase classname="zdevelop.tests.test_course.TestEqualityContains" file="zdevelop/tests/test_course.py" line="76" name="test_course_ne_course" time="0.001"></testcase><testcase classname="zdevelop.tests.test_course.TestEqualityContains" file="zdevelop/tests/test_course.py" line="79" name="test_course_eq_str" time="0.001"></testcase><testcase classname="zdevelop.tests.test_course.TestEqualityContains" file="zdevelop/tests/test_course.py" line="82" name="test_contains" time="0.001"></testcase><testcase classname="zdevelop.tests.test_course.TestEqualityContains" file="zdevelop/tests/test_course.py" line="93" name="test_contains_types" time="0.001"></testcase><testcase classname="zdevelop.tests.test_course.TestEqualityContains" file="zdevelop/tests/test_course.py" line="107" name="test_contains_slice" time="0.002"></testcase><testcase classname="zdevelop.tests.test_course.TestEqualityContains" file="zdevelop/tests/test_course.py" line="117" name="test_ends_with" time="0.001"></testcase><testcase classname="zdevelop.tests.test_course.TestEqualityContains" file="zdevelop/tests/test_course.py" line="125" name="test_ends_with_types" time="0.001"></testcase><testcase classname="zdevelop.tests.test_course.TestEqualityContains" file="zdevelop/tests/test_course.py" line="133" name="test_not_ends_with_values" time="0.001"></testcase><testcase classname="zdevelop.tests.test_course.TestEqualityContains" file="zdevelop/tests/test_course.py" line="141" name="test_not_ends_with_types" time="0.001"></testcase><testcase classname="zdevelop.tests.test_course.TestEqualityContains" file="zdevelop/tests/test_course.py" line="149" name="test_starts_with" time="0.001"></testcase><testcase classname="zdevelop.tests.test_course.TestEqualityContains" file="zdevelop/tests/test_course.py" line="157" name="test_starts_with_types" time="0.001"></testcase><testcase classname="zdevelop.tests.test_course.TestEqualityContains" file="zdevelop/tests/test_course.py" line="167" name="test_parent" time="0.001"></testcase><testcase classname="zdevelop.tests.test_course.TestEqualityContains" file="zdevelop/tests/test_course.py" line="170" name="test_end_point" time="0.001"></testcase><testcase classname="zdevelop.tests.test_course.TestOperations" file="zdevelop/tests/test_course.py" line="175" name="test_fetch" time="0.001"></testcase><testcase classname="zdevelop.tests.test_course.TestOperations" file="zdevelop/tests/test_course.py" line="179" name="test_fetch_keyword" time="0.001"></testcase><testcase classname="zdevelop.tests.test_course.TestOperations" file="zdevelop/tests/test_course.py" line="183" name="test_fetch_default" time="0.001"></testcase><testcase classname="zdevelop.tests.test_course.TestOperations" file="zdevelop/tests/test_course.py" line="191" name="test_place" time="0.001"></testcase><testcase classname="zdevelop.tests.test_course.TestOperations" file="zdevelop/tests/test_course.py" line="196" name="test_place_raises" time="0.001"></testcase><testcase classname="zdevelop.tests.test_course.TestOperations" file="zdevelop/tests/test_course.py" line="201" name="test_place_len_1" time="0.001"></testcase><testcase classname="zdevelop.tests.test_course.TestOperations" file="zdevelop/tests/test_course.py" line="207" name="test_place_default_factory_list_in_dict" time="0.001"></testcase><testcase classname="zdevelop.tests.test_course.TestOperations" file="zdevelop/tests/test_course.py" line="216" name="test_place_default_factory_data_class_optional_list" time="0.001"></testcase><testcase classname="zdevelop.tests.test_course.TestOperations" file="zdevelop/tests/test_course.py" line="228" name="test_place_factory_does_not_replace_existing" time="0.001"></testcase><testcase classname="zdevelop.tests.test_exceptions" file="zdevelop/tests/test_exceptions.py" line="5" name="test_suppressed_errors_type_check[suppressed0-NullNameError]" time="0.001"></testcase><testcase classname="zdevelop.tests.test_exceptions" file="zdevelop/tests/test_exceptions.py" line="5" name="test_suppressed_errors_type_check[suppressed1-NullNameError]" time="0.001"></testcase><testcase classname="zdevelop.tests.test_exceptions" file="zdevelop/tests/test_exceptions.py" line="5" name="test_suppressed_errors_type_check[suppressed2-NullNameError]" time="0.001"></testcase><testcase classname="zdevelop.tests.test_exceptions" file="zdevelop/tests/test_exceptions.py" line="5" name="test_suppressed_errors_type_check[suppressed3-NonNavigableError]" time="0.001"></testcase><testcase classname="zdevelop.tests.test_exceptions" file="zdevelop/tests/test_exceptions.py" line="5" name="test_suppressed_errors_type_check[suppressed4-NonNavigableError]" time="0.001"></testcase><testcase classname="zdevelop.tests.test_exceptions" file="zdevelop/tests/test_exceptions.py" line="5" name="test_suppressed_errors_type_check[suppressed5-NullNameError]" time="0.001"></testcase><testcase classname="zdevelop.tests.test_surveyor" file="zdevelop/tests/test_surveyor.py" line="16" name="test_surveyor_chart_raises_navigable" time="0.001"></testcase><testcase classname="zdevelop.tests.test_surveyor" file="zdevelop/tests/test_surveyor.py" line="24" name="test_surveyor_suppress_error" time="0.001"></testcase><testcase classname="zdevelop.tests.test_surveyor" file="zdevelop/tests/test_surveyor.py" line="53" name="test_surveyor_chart_simple" time="0.001"></testcase><testcase classname="zdevelop.tests.test_surveyor" file="zdevelop/tests/test_surveyor.py" line="64" name="test_surveyor_chart_nested" time="0.002"></testcase><testcase classname="zdevelop.tests.test_surveyor" file="zdevelop/tests/test_surveyor.py" line="101" name="test_surveyor_chart_callable" time="0.001"></testcase><testcase classname="zdevelop.tests.test_surveyor" file="zdevelop/tests/test_surveyor.py" line="116" name="test_surveyor_add_endpoint" time="0.001"></testcase><testcase classname="zdevelop.tests.test_test_objects" file="gemma/test_objects.py" line="63" name="test_objects" time="0.001"></testcase><testcase classname="zdevelop.tests.test_test_objects" file="zdevelop/tests/test_test_objects.py" line="3" name="test_make_test_objects" time="0.001"></testcase><testcase classname="zdevelop.tests.test_test_objects" file="zdevelop/tests/test_test_objects.py" line="13" name="test_values" time="0.001"></testcase><testcase classname="zdevelop.tests.test_extensions.test_xml" file="zdevelop/tests/test_extensions/test_xml.py" line="70" name="test_cast_slice[1:5-answer0]" time="0.001"></testcase><testcase classname="zdevelop.tests.test_extensions.test_xml" file="zdevelop/tests/test_extensions/test_xml.py" line="70" name="test_cast_slice[1 :5-answer1]" time="0.001"></testcase><testcase classname="zdevelop.tests.test_extensions.test_xml" file="zdevelop/tests/test_extensions/test_xml.py" line="70" name="test_cast_slice[1 : 5-answer2]" time="0.001"></testcase><testcase classname="zdevelop.tests.test_extensions.test_xml" file="zdevelop/tests/test_extensions/test_xml.py" line="70" name="test_cast_slice[1:-answer3]" time="0.001"></testcase><testcase classname="zdevelop.tests.test_extensions.test_xml" file="zdevelop/tests/test_extensions/test_xml.py" line="70" name="test_cast_slice[1 :-answer4]" time="0.001"></testcase><testcase classname="zdevelop.tests.test_extensions.test_xml" file="zdevelop/tests/test_extensions/test_xml.py" line="70" name="test_cast_slice[1 : -answer5]" time="0.001"></testcase><testcase classname="zdevelop.tests.test_extensions.test_xml" file="zdevelop/tests/test_extensions/test_xml.py" line="70" name="test_cast_slice[:5-answer6]" time="0.001"></testcase><testcase classname="zdevelop.tests.test_extensions.test_xml" file="zdevelop/tests/test_extensions/test_xml.py" line="70" name="test_cast_slice[: 5-answer7]" time="0.001"></testcase><testcase classname="zdevelop.tests.test_extensions.test_xml" file="zdevelop/tests/test_extensions/test_xml.py" line="70" name="test_cast_slice[ : 5-answer8]" time="0.001"></testcase><testcase classname="zdevelop.tests.test_extensions.test_xml" file="zdevelop/tests/test_extensions/test_xml.py" line="70" name="test_cast_slice[ : 5 -answer9]" time="0.001"></testcase><testcase classname="zdevelop.tests.test_extensions.test_xml.TestBearing" file="zdevelop/tests/test_extensions/test_xml.py" line="90" name="test_cast[&lt;name&gt;-0]" time="0.001"></testcase><testcase classname="zdevelop.tests.test_extensions.test_xml.TestBearing" file="zdevelop/tests/test_extensions/test_xml.py" line="90" name="test_cast[&lt;name,5&gt;-5]" time="0.001"></testcase><testcase classname="zdevelop.tests.test_extensions.test_xml.TestBearing" file="zdevelop/tests/test_extensions/test_xml.py" line="90" name="test_cast[&lt;name,1:5&gt;-index2]" time="0.001"></testcase><testcase classname="zdevelop.tests.test_extensions.test_xml.TestBearing" file="zdevelop/tests/test_extensions/test_xml.py" line="90" name="test_cast[&lt; name , 5&gt;-5]" time="0.001"></testcase><testcase classname="zdevelop.tests.test_extensions.test_xml.TestBearing" file="zdevelop/tests/test_extensions/test_xml.py" line="90" name="test_cast[&lt; name ,5 &gt;-5]" time="0.001"></testcase><testcase classname="zdevelop.tests.test_extensions.test_xml.TestBearing" file="zdevelop/tests/test_extensions/test_xml.py" line="90" name="test_cast[&lt; name , 5 &gt;-5]" time="0.001"></testcase><testcase classname="zdevelop.tests.test_extensions.test_xml.TestBearing" file="zdevelop/tests/test_extensions/test_xml.py" line="90" name="test_cast[&lt;name,1 :5&gt;-index6]" time="0.001"></testcase><testcase classname="zdevelop.tests.test_extensions.test_xml.TestBearing" file="zdevelop/tests/test_extensions/test_xml.py" line="90" name="test_cast[&lt;name,1 : 5&gt;-index7]" time="0.001"></testcase><testcase classname="zdevelop.tests.test_extensions.test_xml.TestBearing" file="zdevelop/tests/test_extensions/test_xml.py" line="90" name="test_cast[&lt;name, 1 : 5&gt;-index8]" time="0.001"></testcase><testcase classname="zdevelop.tests.test_extensions.test_xml.TestBearing" file="zdevelop/tests/test_extensions/test_xml.py" line="90" name="test_cast[&lt;name, 0:&gt;-index9]" time="0.001"></testcase><testcase classname="zdevelop.tests.test_extensions.test_xml.TestBearing" file="zdevelop/tests/test_extensions/test_xml.py" line="90" name="test_cast[&lt;name, :5&gt;-index10]" time="0.001"></testcase><testcase classname="zdevelop.tests.test_extensions.test_xml.TestBearing" file="zdevelop/tests/test_extensions/test_xml.py" line="90" name="test_cast[name11-5]" time="0.001"></testcase><testcase classname="zdevelop.tests.test_extensions.test_xml.TestBearing" file="zdevelop/tests/test_extensions/test_xml.py" line="90" name="test_cast[name12-index12]" time="0.001"></testcase><testcase classname="zdevelop.tests.test_extensions.test_xml.TestBearing" file="zdevelop/tests/test_extensions/test_xml.py" line="114" name="test_cast_fallback" time="0.001"></testcase><testcase classname="zdevelop.tests.test_extensions.test_xml.TestBearing" file="zdevelop/tests/test_extensions/test_xml.py" line="118" name="test_factory_type" time="0.001"></testcase><testcase classname="zdevelop.tests.test_extensions.test_xml.TestBearing" file="zdevelop/tests/test_extensions/test_xml.py" line="122" name="test_factory_initialized_elm" time="0.001"></testcase><testcase classname="zdevelop.tests.test_extensions.test_xml.TestBearing" file="zdevelop/tests/test_extensions/test_xml.py" line="126" name="test_factory_initialized_dict" time="0.001"></testcase><testcase classname="zdevelop.tests.test_extensions.test_xml.TestBearing" file="zdevelop/tests/test_extensions/test_xml.py" line="130" name="test_cast_raises" time="0.001"></testcase><testcase classname="zdevelop.tests.test_extensions.test_xml.TestBearing" file="zdevelop/tests/test_extensions/test_xml.py" line="134" name="test_factory_type_raises" time="0.001"></testcase><testcase classname="zdevelop.tests.test_extensions.test_xml.TestBearing" file="zdevelop/tests/test_extensions/test_xml.py" line="139" name="test_str" time="0.001"></testcase><testcase classname="zdevelop.tests.test_extensions.test_xml.TestBearing" file="zdevelop/tests/test_extensions/test_xml.py" line="142" name="test_fetch[a-element_tree-a value]" time="0.001"></testcase><testcase classname="zdevelop.tests.test_extensions.test_xml.TestBearing" file="zdevelop/tests/test_extensions/test_xml.py" line="142" name="test_fetch[name1-element_list-one]" time="0.001"></testcase><testcase classname="zdevelop.tests.test_extensions.test_xml.TestBearing" file="zdevelop/tests/test_extensions/test_xml.py" line="157" name="test_fetch_slice[this_slice0-answer0]" time="0.001"></testcase><testcase classname="zdevelop.tests.test_extensions.test_xml.TestBearing" file="zdevelop/tests/test_extensions/test_xml.py" line="157" name="test_fetch_slice[this_slice1-answer1]" time="0.001"></testcase><testcase classname="zdevelop.tests.test_extensions.test_xml.TestBearing" file="zdevelop/tests/test_extensions/test_xml.py" line="157" name="test_fetch_slice[this_slice2-answer2]" time="0.001"></testcase><testcase classname="zdevelop.tests.test_extensions.test_xml.TestBearing" file="zdevelop/tests/test_extensions/test_xml.py" line="157" name="test_fetch_slice[this_slice3-answer3]" time="0.001"></testcase><testcase classname="zdevelop.tests.test_extensions.test_xml.TestBearing" file="zdevelop/tests/test_extensions/test_xml.py" line="171" name="test_fetch_raises" time="0.001"></testcase><testcase classname="zdevelop.tests.test_extensions.test_xml.TestBearing" file="zdevelop/tests/test_extensions/test_xml.py" line="176" name="test_place_element" time="0.001"></testcase><testcase classname="zdevelop.tests.test_extensions.test_xml.TestBearing" file="zdevelop/tests/test_extensions/test_xml.py" line="182" name="test_fallback_fetch" time="0.001"></testcase><testcase classname="zdevelop.tests.test_extensions.test_xml.TestBearing" file="zdevelop/tests/test_extensions/test_xml.py" line="186" name="test_fallback_place" time="0.001"></testcase><testcase classname="zdevelop.tests.test_extensions.test_xml.TestBearing" file="zdevelop/tests/test_extensions/test_xml.py" line="191" name="test_xbearing_factory_str[&lt;name&gt;-answer0]" time="0.001"></testcase><testcase classname="zdevelop.tests.test_extensions.test_xml.TestBearing" file="zdevelop/tests/test_extensions/test_xml.py" line="191" name="test_xbearing_factory_str[&lt;name, 5&gt;-answer1]" time="0.001"></testcase><testcase classname="zdevelop.tests.test_extensions.test_xml.TestCourse" file="zdevelop/tests/test_extensions/test_xml.py" line="200" name="test_cast_str" time="0.001"></testcase><testcase classname="zdevelop.tests.test_extensions.test_xml.TestCourse" file="zdevelop/tests/test_extensions/test_xml.py" line="205" name="test_cast_tuple" time="0.001"></testcase><testcase classname="zdevelop.tests.test_extensions.test_xml.TestCourse" file="zdevelop/tests/test_extensions/test_xml.py" line="210" name="test_course_fetch[course0-a value]" time="0.001"></testcase><testcase classname="zdevelop.tests.test_extensions.test_xml.TestCourse" file="zdevelop/tests/test_extensions/test_xml.py" line="210" name="test_course_fetch[course1-a value]" time="0.001"></testcase><testcase classname="zdevelop.tests.test_extensions.test_xml.TestCourse" file="zdevelop/tests/test_extensions/test_xml.py" line="210" name="test_course_fetch[course2-1]" time="0.001"></testcase><testcase classname="zdevelop.tests.test_extensions.test_xml.TestCourse" file="zdevelop/tests/test_extensions/test_xml.py" line="210" name="test_course_fetch[course3-3]" time="0.001"></testcase><testcase classname="zdevelop.tests.test_extensions.test_xml.TestCourse" file="zdevelop/tests/test_extensions/test_xml.py" line="210" name="test_course_fetch[course4-one]" time="0.001"></testcase><testcase classname="zdevelop.tests.test_extensions.test_xml.TestCourse" file="zdevelop/tests/test_extensions/test_xml.py" line="210" name="test_course_fetch[course5-one]" time="0.001"></testcase><testcase classname="zdevelop.tests.test_extensions.test_xml.TestCourse" file="zdevelop/tests/test_extensions/test_xml.py" line="210" name="test_course_fetch[course6-two]" time="0.001"></testcase><testcase classname="zdevelop.tests.test_extensions.test_xml.TestCourse" file="zdevelop/tests/test_extensions/test_xml.py" line="210" name="test_course_fetch[course7-two]" time="0.001"></testcase><testcase classname="zdevelop.tests.test_extensions.test_xml.TestCourse" file="zdevelop/tests/test_extensions/test_xml.py" line="210" name="test_course_fetch[course8-three]" time="0.001"></testcase><testcase classname="zdevelop.tests.test_extensions.test_xml.TestCourse" file="zdevelop/tests/test_extensions/test_xml.py" line="210" name="test_course_fetch[course9-three]" time="0.001"></testcase><testcase classname="zdevelop.tests.test_extensions.test_xml.TestCourse" file="zdevelop/tests/test_extensions/test_xml.py" line="210" name="test_course_fetch[course10-three]" time="0.001"></testcase><testcase classname="zdevelop.tests.test_extensions.test_xml.TestCourse" file="zdevelop/tests/test_extensions/test_xml.py" line="210" name="test_course_fetch[course11-three]" time="0.001"></testcase><testcase classname="zdevelop.tests.test_extensions.test_xml.TestCourse" file="zdevelop/tests/test_extensions/test_xml.py" line="231" name="test_course_fetch_raises[course0]" time="0.001"></testcase><testcase classname="zdevelop.tests.test_extensions.test_xml.TestCourse" file="zdevelop/tests/test_extensions/test_xml.py" line="231" name="test_course_fetch_raises[course1]" time="0.001"></testcase><testcase classname="zdevelop.tests.test_extensions.test_xml.TestCourse" file="zdevelop/tests/test_extensions/test_xml.py" line="231" name="test_course_fetch_raises[course2]" time="0.001"></testcase><testcase classname="zdevelop.tests.test_extensions.test_xml.TestCourse" file="zdevelop/tests/test_extensions/test_xml.py" line="231" name="test_course_fetch_raises[course3]" time="0.001"></testcase><testcase classname="zdevelop.tests.test_extensions.test_xml.TestCourse" file="zdevelop/tests/test_extensions/test_xml.py" line="244" name="test_course_place[course0-new value]" time="0.001"></testcase><testcase classname="zdevelop.tests.test_extensions.test_xml.TestCourse" file="zdevelop/tests/test_extensions/test_xml.py" line="244" name="test_course_place[course1-new value]" time="0.001"></testcase><testcase classname="zdevelop.tests.test_extensions.test_xml.TestCourse" file="zdevelop/tests/test_extensions/test_xml.py" line="244" name="test_course_place[course2-new value]" time="0.001"></testcase><testcase classname="zdevelop.tests.test_extensions.test_xml.TestCourse" file="zdevelop/tests/test_extensions/test_xml.py" line="256" name="test_course_place_element" time="0.001"></testcase><testcase classname="zdevelop.tests.test_extensions.test_xml.TestCourse" file="zdevelop/tests/test_extensions/test_xml.py" line="264" name="test_course_place_element_factory" time="0.001"></testcase><testcase classname="zdevelop.tests.test_extensions.test_xml.TestCourse" file="zdevelop/tests/test_extensions/test_xml.py" line="269" name="test_course_place_raises[course0-0]" time="0.001"></testcase><testcase classname="zdevelop.tests.test_extensions.test_xml.TestCourse" file="zdevelop/tests/test_extensions/test_xml.py" line="269" name="test_course_place_raises[course1-value1]" time="0.001"></testcase><testcase classname="zdevelop.tests.test_extensions.test_xml.TestCourse" file="zdevelop/tests/test_extensions/test_xml.py" line="269" name="test_course_place_raises[course2-0]" time="0.001"></testcase><testcase classname="zdevelop.tests.test_extensions.test_xml.TestCourse" file="zdevelop/tests/test_extensions/test_xml.py" line="269" name="test_course_place_raises[course3-value3]" time="0.001"></testcase><testcase classname="zdevelop.tests.test_extensions.test_xml.TestCompass" file="zdevelop/tests/test_extensions/test_xml.py" line="309" name="test_map_routes" time="0.001"><system-out>test1
test1
</system-out></testcase><testcase classname="zdevelop.tests.test_extensions.test_xml.TestCompass" file="zdevelop/tests/test_extensions/test_xml.py" line="325" name="test_map_elms_false" time="0.001"></testcase><testcase classname="zdevelop.tests.test_extensions.test_xml.TestCompass" file="zdevelop/tests/test_extensions/test_xml.py" line="330" name="test_map_elms_restricted" time="0.001"><system-out>test1
</system-out></testcase><testcase classname="zdevelop.tests.test_extensions.test_xml" file="zdevelop/tests/test_extensions/test_xml.py" line="343" name="test_xsurveyor" time="0.004"><system-out>(&lt;Course: &lt;Attr: &apos;text&apos;&gt;&gt;, None) (&lt;Course: &lt;Fallback: &apos;text&apos;&gt;&gt;, None)
(&lt;Course: &lt;Attr: &apos;attrib&apos;&gt;&gt;, {}) (&lt;Course: &lt;Fallback: &apos;attrib&apos;&gt;&gt;, {})
(&lt;Course: &lt;XElm: (&apos;a&apos;, 0)&gt;&gt;, &lt;Element &apos;a&apos; at 0x7f09820bed60&gt;) (&lt;Course: &lt;XElm: (&apos;a&apos;, 0)&gt;&gt;, &lt;Element &apos;a&apos; at 0x7f09820c9950&gt;)
test1
(&lt;Course: &lt;XElm: (&apos;a&apos;, 0)&gt; / &lt;Attr: &apos;text&apos;&gt;&gt;, &apos;a value&apos;) (&lt;Course: &lt;XElm: (&apos;a&apos;, 0)&gt; / &lt;Fallback: &apos;text&apos;&gt;&gt;, &apos;a value&apos;)
(&lt;Course: &lt;XElm: (&apos;a&apos;, 0)&gt; / &lt;Attr: &apos;attrib&apos;&gt;&gt;, {&apos;1&apos;: 1, &apos;2&apos;: 2}) (&lt;Course: &lt;XElm: (&apos;a&apos;, 0)&gt; / &lt;Fallback: &apos;attrib&apos;&gt;&gt;, {&apos;1&apos;: 1, &apos;2&apos;: 2})
(&lt;Course: &lt;XElm: (&apos;a&apos;, 0)&gt; / &lt;Attr: &apos;attrib&apos;&gt; / &lt;Item: &apos;1&apos;&gt;&gt;, 1) (&lt;Course: &lt;XElm: (&apos;a&apos;, 0)&gt; / &lt;Fallback: &apos;attrib&apos;&gt; / &lt;Fallback: &apos;1&apos;&gt;&gt;, 1)
(&lt;Course: &lt;XElm: (&apos;a&apos;, 0)&gt; / &lt;Attr: &apos;attrib&apos;&gt; / &lt;Item: &apos;2&apos;&gt;&gt;, 2) (&lt;Course: &lt;XElm: (&apos;a&apos;, 0)&gt; / &lt;Fallback: &apos;attrib&apos;&gt; / &lt;Fallback: &apos;2&apos;&gt;&gt;, 2)
(&lt;Course: &lt;XElm: (&apos;b&apos;, 0)&gt;&gt;, &lt;Element &apos;b&apos; at 0x7f09820bedb0&gt;) (&lt;Course: &lt;XElm: (&apos;b&apos;, 0)&gt;&gt;, &lt;Element &apos;b&apos; at 0x7f09820c99a0&gt;)
test1
(&lt;Course: &lt;XElm: (&apos;b&apos;, 0)&gt; / &lt;Attr: &apos;text&apos;&gt;&gt;, None) (&lt;Course: &lt;XElm: (&apos;b&apos;, 0)&gt; / &lt;Fallback: &apos;text&apos;&gt;&gt;, None)
(&lt;Course: &lt;XElm: (&apos;b&apos;, 0)&gt; / &lt;Attr: &apos;attrib&apos;&gt;&gt;, {&apos;3&apos;: 3, &apos;4&apos;: 4}) (&lt;Course: &lt;XElm: (&apos;b&apos;, 0)&gt; / &lt;Fallback: &apos;attrib&apos;&gt;&gt;, {&apos;3&apos;: 3, &apos;4&apos;: 4})
(&lt;Course: &lt;XElm: (&apos;b&apos;, 0)&gt; / &lt;Attr: &apos;attrib&apos;&gt; / &lt;Item: &apos;3&apos;&gt;&gt;, 3) (&lt;Course: &lt;XElm: (&apos;b&apos;, 0)&gt; / &lt;Fallback: &apos;attrib&apos;&gt; / &lt;Fallback: &apos;3&apos;&gt;&gt;, 3)
(&lt;Course: &lt;XElm: (&apos;b&apos;, 0)&gt; / &lt;Attr: &apos;attrib&apos;&gt; / &lt;Item: &apos;4&apos;&gt;&gt;, 4) (&lt;Course: &lt;XElm: (&apos;b&apos;, 0)&gt; / &lt;Fallback: &apos;attrib&apos;&gt; / &lt;Fallback: &apos;4&apos;&gt;&gt;, 4)
(&lt;Course: &lt;XElm: (&apos;b&apos;, 0)&gt; / &lt;XElm: (&apos;listed&apos;, 0)&gt;&gt;, &lt;Element &apos;listed&apos; at 0x7f09820a8b80&gt;) (&lt;Course: &lt;XElm: (&apos;b&apos;, 0)&gt; / &lt;XElm: (&apos;listed&apos;, 0)&gt;&gt;, &lt;Element &apos;listed&apos; at 0x7f09820c99f0&gt;)
test1
(&lt;Course: &lt;XElm: (&apos;b&apos;, 0)&gt; / &lt;XElm: (&apos;listed&apos;, 0)&gt; / &lt;Attr: &apos;text&apos;&gt;&gt;, &apos;one&apos;) (&lt;Course: &lt;XElm: (&apos;b&apos;, 0)&gt; / &lt;XElm: (&apos;listed&apos;, 0)&gt; / &lt;Fallback: &apos;text&apos;&gt;&gt;, &apos;one&apos;)
(&lt;Course: &lt;XElm: (&apos;b&apos;, 0)&gt; / &lt;XElm: (&apos;listed&apos;, 0)&gt; / &lt;Attr: &apos;attrib&apos;&gt;&gt;, {}) (&lt;Course: &lt;XElm: (&apos;b&apos;, 0)&gt; / &lt;XElm: (&apos;listed&apos;, 0)&gt; / &lt;Fallback: &apos;attrib&apos;&gt;&gt;, {})
(&lt;Course: &lt;XElm: (&apos;b&apos;, 0)&gt; / &lt;XElm: (&apos;listed&apos;, 1)&gt;&gt;, &lt;Element &apos;listed&apos; at 0x7f09821deea0&gt;) (&lt;Course: &lt;XElm: (&apos;b&apos;, 0)&gt; / &lt;XElm: (&apos;listed&apos;, 1)&gt;&gt;, &lt;Element &apos;listed&apos; at 0x7f09820c9a40&gt;)
test1
(&lt;Course: &lt;XElm: (&apos;b&apos;, 0)&gt; / &lt;XElm: (&apos;listed&apos;, 1)&gt; / &lt;Attr: &apos;text&apos;&gt;&gt;, &apos;two&apos;) (&lt;Course: &lt;XElm: (&apos;b&apos;, 0)&gt; / &lt;XElm: (&apos;listed&apos;, 1)&gt; / &lt;Fallback: &apos;text&apos;&gt;&gt;, &apos;two&apos;)
(&lt;Course: &lt;XElm: (&apos;b&apos;, 0)&gt; / &lt;XElm: (&apos;listed&apos;, 1)&gt; / &lt;Attr: &apos;attrib&apos;&gt;&gt;, {}) (&lt;Course: &lt;XElm: (&apos;b&apos;, 0)&gt; / &lt;XElm: (&apos;listed&apos;, 1)&gt; / &lt;Fallback: &apos;attrib&apos;&gt;&gt;, {})
(&lt;Course: &lt;XElm: (&apos;b&apos;, 0)&gt; / &lt;XElm: (&apos;listed&apos;, 2)&gt;&gt;, &lt;Element &apos;listed&apos; at 0x7f0981f81d60&gt;) (&lt;Course: &lt;XElm: (&apos;b&apos;, 0)&gt; / &lt;XElm: (&apos;listed&apos;, 2)&gt;&gt;, &lt;Element &apos;listed&apos; at 0x7f09820c9a90&gt;)
test1
(&lt;Course: &lt;XElm: (&apos;b&apos;, 0)&gt; / &lt;XElm: (&apos;listed&apos;, 2)&gt; / &lt;Attr: &apos;text&apos;&gt;&gt;, &apos;three&apos;) (&lt;Course: &lt;XElm: (&apos;b&apos;, 0)&gt; / &lt;XElm: (&apos;listed&apos;, 2)&gt; / &lt;Fallback: &apos;text&apos;&gt;&gt;, &apos;three&apos;)
(&lt;Course: &lt;XElm: (&apos;b&apos;, 0)&gt; / &lt;XElm: (&apos;listed&apos;, 2)&gt; / &lt;Attr: &apos;attrib&apos;&gt;&gt;, {}) (&lt;Course: &lt;XElm: (&apos;b&apos;, 0)&gt; / &lt;XElm: (&apos;listed&apos;, 2)&gt; / &lt;Fallback: &apos;attrib&apos;&gt;&gt;, {})
</system-out></testcase><testcase classname="zdevelop.tests.test_extensions.test_xml" file="zdevelop/tests/test_extensions/test_xml.py" line="387" name="test_cartographer" time="0.002"></testcase></testsuite></testsuites>